<?xml version="1.0" encoding="UTF-8"?>
<!-- Generated by org.testng.reporters.JUnitReportReporter -->
<testsuite hostname="Mrigeshs-MacBook-Pro.local" failures="0" tests="5" name="SeleniumProject.mypackage.AppTest" time="395.735" errors="0" timestamp="2022-04-12T00:53:56 GMT-04:00" skipped="0">
  <testcase classname="SeleniumProject.mypackage.AppTest" name="scenario1Test" time="46.415"/>
  <system-out/>
  <testcase classname="SeleniumProject.mypackage.AppTest" name="scenario2Test" time="92.005"/>
  <system-out/>
  <testcase classname="SeleniumProject.mypackage.AppTest" name="scenario3Test" time="81.588"/>
  <system-out/>
  <testcase classname="SeleniumProject.mypackage.AppTest" name="scenario4Test" time="45.819"/>
  <system-out/>
  <testcase classname="SeleniumProject.mypackage.AppTest" name="scenario5Test" time="129.908"/>
  <system-out/>
</testsuite> <!-- SeleniumProject.mypackage.AppTest -->
